[2019-01-31T11:40:51.351] [INFO] access - OPTIONS /api/auth 200 15 ms
[2019-01-31T11:43:33.725] [ERROR] access - POST /api/auth 500 128 ms
[2019-01-31T11:43:57.920] [ERROR] access - POST /api/auth 500 57 ms
[2019-01-31T11:44:24.225] [INFO] access - POST /api/auth 200 95 ms
[2019-01-31T11:45:19.319] [INFO] access - POST /api/auth 200 65 ms
[2019-01-31T11:45:25.321] [ERROR] access - POST /api/auth 500 9 ms
[2019-01-31T11:45:31.697] [INFO] access - POST /api/auth 200 10 ms
[2019-01-31T11:49:42.809] [INFO] access - POST /api/auth 200 140 ms
[2019-01-31T11:49:47.940] [INFO] access - POST /api/auth 200 9 ms
[2019-01-31T11:49:48.341] [INFO] access - POST /api/auth 200 6 ms
[2019-01-31T11:49:48.502] [INFO] access - POST /api/auth 200 8 ms
[2019-01-31T11:49:48.670] [INFO] access - POST /api/auth 200 8 ms
[2019-01-31T11:49:48.844] [INFO] access - POST /api/auth 200 5 ms
[2019-01-31T11:49:49.025] [INFO] access - POST /api/auth 200 8 ms
[2019-01-31T11:49:49.184] [INFO] access - POST /api/auth 200 8 ms
[2019-01-31T11:49:49.360] [INFO] access - POST /api/auth 200 8 ms
[2019-01-31T11:51:08.997] [INFO] access - POST /api/auth 200 33 ms
[2019-01-31T11:52:51.310] [INFO] access - POST /api/auth 200 112 ms
[2019-01-31T11:52:56.564] [ERROR] access - POST /api/auth 500 5 ms
[2019-01-31T11:52:57.171] [ERROR] access - POST /api/auth 500 7 ms
[2019-01-31T11:52:57.333] [ERROR] access - POST /api/auth 500 7 ms
[2019-01-31T11:52:57.499] [ERROR] access - POST /api/auth 500 7 ms
[2019-01-31T11:54:13.674] [INFO] access - POST /api/auth 200 54 ms
[2019-01-31T11:56:16.053] [INFO] access - POST /api/auth 200 147 ms
[2019-01-31T12:00:52.285] [INFO] access - POST /api/auth 200 53 ms
[2019-01-31T12:01:59.389] [INFO] access - POST /api/auth 200 29 ms
[2019-01-31T12:02:41.339] [INFO] access - POST /api/auth 200 30 ms
[2019-01-31T13:17:17.740] [INFO] access - POST /api/auth 200 51 ms
[2019-01-31T13:21:48.832] [INFO] access - POST /api/auth 200 193 ms
[2019-01-31T13:26:30.813] [INFO] access - POST /api/auth 200 152 ms
[2019-01-31T13:33:22.591] [INFO] access - POST /api/auth 200 145 ms
[2019-01-31T13:36:08.703] [INFO] access - POST /api/auth 200 64 ms
[2019-01-31T13:42:21.075] [INFO] access - POST /api/auth 200 25 ms
[2019-01-31T13:42:31.918] [INFO] access - POST /api/auth 200 9 ms
[2019-01-31T13:42:37.186] [ERROR] access - POST /api/auth 500 21 ms
[2019-01-31T13:42:42.254] [INFO] access - POST /api/auth 200 8 ms
[2019-01-31T13:43:33.587] [INFO] access - POST /api/auth 200 116 ms
[2019-01-31T13:43:33.811] [INFO] access - POST /api/auth 200 8 ms
[2019-01-31T13:43:34.275] [INFO] access - POST /api/auth 200 10 ms
[2019-01-31T13:43:34.441] [INFO] access - POST /api/auth 200 9 ms
[2019-01-31T13:47:51.690] [ERROR] access - POST /api/auth 500 133 ms
[2019-01-31T13:49:41.611] [ERROR] access - POST /api/auth 500 269 ms
[2019-01-31T13:49:42.545] [ERROR] access - POST /api/auth 500 7 ms
[2019-01-31T13:49:42.840] [ERROR] access - POST /api/auth 500 7 ms
[2019-01-31T13:49:43.005] [ERROR] access - POST /api/auth 500 6 ms
[2019-01-31T13:49:43.175] [ERROR] access - POST /api/auth 500 7 ms
[2019-01-31T13:49:43.336] [ERROR] access - POST /api/auth 500 8 ms
[2019-01-31T13:49:43.488] [ERROR] access - POST /api/auth 500 6 ms
[2019-01-31T13:49:43.655] [ERROR] access - POST /api/auth 500 7 ms
[2019-01-31T13:49:44.223] [ERROR] access - POST /api/auth 500 6 ms
[2019-01-31T13:49:44.383] [ERROR] access - POST /api/auth 500 7 ms
[2019-01-31T13:49:44.553] [ERROR] access - POST /api/auth 500 6 ms
[2019-01-31T13:49:44.718] [ERROR] access - POST /api/auth 500 6 ms
[2019-01-31T13:49:44.887] [ERROR] access - POST /api/auth 500 7 ms
[2019-01-31T13:49:45.057] [ERROR] access - POST /api/auth 500 7 ms
[2019-01-31T13:49:45.225] [ERROR] access - POST /api/auth 500 9 ms
[2019-01-31T13:49:45.582] [ERROR] access - POST /api/auth 500 6 ms
[2019-01-31T13:49:45.754] [ERROR] access - POST /api/auth 500 8 ms
[2019-01-31T13:55:47.811] [INFO] access - POST /api/auth 200 140 ms
[2019-01-31T13:57:10.973] [INFO] access - POST /api/auth 200 112 ms
[2019-01-31T13:57:34.139] [INFO] access - POST /api/auth 200 67 ms
[2019-01-31T13:57:34.252] [INFO] access - POST /api/auth 200 6 ms
[2019-01-31T13:57:34.419] [INFO] access - POST /api/auth 200 6 ms
[2019-01-31T13:57:34.583] [INFO] access - POST /api/auth 200 6 ms
[2019-01-31T13:57:38.599] [INFO] access - POST /api/auth 200 7 ms
[2019-01-31T13:57:38.765] [INFO] access - POST /api/auth 200 6 ms
[2019-01-31T13:57:38.925] [INFO] access - POST /api/auth 200 6 ms
[2019-01-31T14:10:58.997] [INFO] access - POST /api/auth 200 94 ms
[2019-01-31T14:12:04.175] [INFO] access - POST /api/auth 200 68 ms
[2019-01-31T14:12:29.615] [INFO] access - POST /api/auth 200 145 ms
[2019-01-31T14:12:54.587] [INFO] access - POST /api/auth 200 13 ms
[2019-01-31T14:13:08.767] [INFO] access - POST /api/auth 200 19 ms
[2019-01-31T14:13:10.700] [INFO] access - POST /api/auth 200 10 ms
[2019-01-31T14:13:10.856] [INFO] access - POST /api/auth 200 7 ms
[2019-01-31T14:13:11.024] [INFO] access - POST /api/auth 200 7 ms
[2019-01-31T14:13:11.194] [INFO] access - POST /api/auth 200 8 ms
[2019-01-31T14:13:11.365] [INFO] access - POST /api/auth 200 10 ms
[2019-01-31T14:13:30.971] [INFO] access - POST /api/auth 200 14 ms
[2019-01-31T14:15:12.776] [INFO] access - POST /api/auth 200 60 ms
[2019-01-31T14:15:26.286] [INFO] access - POST /api/auth 200 82 ms
[2019-01-31T14:15:26.386] [INFO] access - POST /api/auth 200 9 ms
[2019-01-31T14:15:26.545] [INFO] access - POST /api/auth 200 8 ms
[2019-01-31T14:18:33.867] [INFO] access - POST /api/auth 200 46 ms
[2019-01-31T14:24:21.581] [ERROR] access - POST /api/register 500 20 ms
[2019-01-31T14:24:32.317] [ERROR] access - POST /api/register 500 5 ms
[2019-01-31T14:25:32.917] [ERROR] access - POST /api/register 500 27 ms
[2019-01-31T14:25:43.647] [ERROR] access - POST /api/register 500 3 ms
[2019-01-31T14:25:58.975] [ERROR] access - POST /api/register 500 28 ms
[2019-01-31T14:26:54.031] [ERROR] access - POST /api/register 500 29 ms
[2019-01-31T14:27:14.811] [ERROR] access - POST /api/register 500 30 ms
[2019-01-31T14:27:42.479] [ERROR] access - POST /api/register 500 27 ms
[2019-01-31T14:27:43.634] [ERROR] access - POST /api/register 500 3 ms
[2019-01-31T14:28:05.073] [ERROR] access - POST /api/register 500 70 ms
[2019-01-31T14:28:50.121] [ERROR] access - POST /api/register 500 43 ms
[2019-01-31T14:29:55.759] [INFO] access - POST /api/register 200 192 ms
[2019-01-31T14:32:16.872] [INFO] access - POST /api/auth 200 138 ms
[2019-01-31T14:44:12.396] [INFO] access - POST /api/auth 200 87 ms
[2019-01-31T14:44:42.588] [INFO] access - POST /api/auth 200 22 ms
[2019-01-31T14:45:51.671] [INFO] access - POST /api/auth 200 29 ms
[2019-01-31T14:46:32.421] [INFO] access - POST /api/auth 200 54 ms
[2019-01-31T14:47:59.802] [INFO] access - POST /api/auth 200 14 ms
[2019-01-31T14:48:22.484] [INFO] access - POST /api/auth 200 17 ms
[2019-01-31T14:48:40.560] [INFO] access - POST /api/auth 200 7 ms
[2019-01-31T14:52:32.689] [INFO] access - POST /api/auth 200 13 ms
[2019-01-31T14:52:33.669] [INFO] access - POST /api/auth 200 7 ms
[2019-01-31T14:52:33.842] [INFO] access - POST /api/auth 200 4 ms
[2019-01-31T14:52:34.019] [INFO] access - POST /api/auth 200 5 ms
[2019-01-31T14:52:34.205] [INFO] access - POST /api/auth 200 7 ms
[2019-01-31T14:52:34.377] [INFO] access - POST /api/auth 200 4 ms
[2019-01-31T14:52:34.556] [INFO] access - POST /api/auth 200 5 ms
[2019-01-31T14:52:34.740] [INFO] access - POST /api/auth 200 6 ms
[2019-01-31T14:52:34.917] [INFO] access - POST /api/auth 200 6 ms
[2019-01-31T14:52:35.098] [INFO] access - POST /api/auth 200 4 ms
[2019-01-31T14:52:35.282] [INFO] access - POST /api/auth 200 4 ms
[2019-01-31T14:53:12.725] [INFO] access - POST /api/auth 200 15 ms
[2019-01-31T14:53:37.735] [INFO] access - POST /api/auth 200 31 ms
[2019-01-31T15:01:10.558] [INFO] access - POST /api/auth 200 15 ms
[2019-01-31T15:01:20.208] [INFO] access - POST /api/auth 200 8 ms
[2019-01-31T15:31:15.913] [INFO] access - POST /api/auth 200 55 ms
[2019-01-31T15:33:10.008] [INFO] access - POST /api/auth 200 12 ms
[2019-01-31T15:33:13.135] [INFO] access - POST /api/register 200 83 ms
[2019-01-31T15:34:03.236] [INFO] access - POST /api/auth 200 12 ms
[2019-01-31T15:34:39.553] [INFO] access - POST /api/auth 200 119 ms
[2019-01-31T15:36:19.963] [INFO] access - POST /api/auth 200 283 ms
[2019-01-31T15:36:27.232] [INFO] access - POST /api/auth 200 10 ms
[2019-01-31T15:36:27.492] [INFO] access - POST /api/auth 200 8 ms
[2019-01-31T15:36:59.690] [INFO] access - POST /api/auth 200 10 ms
[2019-01-31T15:37:04.928] [INFO] access - POST /api/auth 200 4 ms
[2019-01-31T15:37:13.284] [ERROR] access - POST /api/register 500 296 ms
[2019-01-31T15:37:44.080] [ERROR] access - POST /api/register 500 77 ms
[2019-01-31T15:40:50.843] [INFO] access - POST /api/auth 200 131 ms
[2019-01-31T15:40:52.190] [INFO] access - POST /api/auth 200 4 ms
[2019-01-31T15:40:52.415] [INFO] access - POST /api/auth 200 6 ms
[2019-01-31T15:40:53.224] [INFO] access - POST /api/auth 200 6 ms
[2019-01-31T15:40:53.461] [INFO] access - POST /api/auth 200 4 ms
[2019-01-31T15:40:53.560] [INFO] access - POST /api/auth 200 5 ms
[2019-01-31T15:40:53.734] [INFO] access - POST /api/auth 200 4 ms
[2019-01-31T15:40:53.905] [INFO] access - POST /api/auth 200 6 ms
[2019-01-31T15:41:31.281] [INFO] access - POST /api/auth 200 11 ms
[2019-01-31T15:42:19.044] [INFO] access - POST /api/auth 200 12 ms
[2019-01-31T15:52:37.917] [ERROR] access - POST /api/register 500 198 ms
[2019-01-31T15:54:10.551] [INFO] access - POST /api/auth 200 36 ms
[2019-01-31T15:57:37.094] [INFO] access - POST /api/auth 200 18 ms
[2019-01-31T15:58:05.223] [INFO] access - POST /api/auth 200 40 ms
[2019-01-31T16:00:33.017] [ERROR] access - POST /api/register 500 183 ms
[2019-01-31T16:02:01.240] [ERROR] access - POST /api/register 500 73 ms
[2019-01-31T16:04:08.200] [ERROR] access - POST /api/register 500 72 ms
[2019-01-31T16:04:09.024] [ERROR] access - POST /api/register 500 164 ms
[2019-01-31T16:04:09.095] [ERROR] access - POST /api/register 500 58 ms
[2019-01-31T16:06:32.295] [INFO] access - POST /api/auth 200 41 ms
[2019-01-31T16:12:23.029] [ERROR] access - POST /api/register 500 215 ms
[2019-01-31T16:13:32.503] [INFO] access - POST /api/auth 200 177 ms
[2019-01-31T16:16:09.397] [ERROR] access - POST /api/register 500 180 ms
[2019-01-31T16:16:11.523] [ERROR] access - POST /api/register 500 58 ms
[2019-01-31T16:16:17.082] [INFO] access - POST /api/auth 200 6 ms
[2019-01-31T16:17:13.203] [INFO] access - POST /api/auth 200 13 ms
[2019-01-31T16:17:48.799] [INFO] access - POST /api/auth 200 8 ms
[2019-01-31T16:23:56.275] [INFO] access - POST /api/auth 200 31 ms
[2019-01-31T16:27:54.397] [ERROR] access - POST /api/register 500 178 ms
[2019-01-31T16:27:57.692] [INFO] access - POST /api/auth 200 7 ms
