[2019-04-10T14:53:39.991] [INFO] access - POST /api/auth 200 109 ms
[2019-04-10T14:54:52.481] [WARN] access - GET /api/users/1 304 50 ms
[2019-04-10T14:55:44.197] [WARN] access - GET /api/users/1 304 110 ms
[2019-04-10T15:16:45.383] [INFO] access - POST /api/auth 200 93 ms
[2019-04-10T15:16:45.573] [ERROR] access - GET /api/praise 500 8 ms
[2019-04-10T15:19:26.325] [INFO] access - POST /api/auth 200 144 ms
[2019-04-10T15:19:26.360] [INFO] access - GET /api/praise 200 18 ms
[2019-04-10T15:20:41.873] [ERROR] access - GET /api/praise 500 53 ms
[2019-04-10T15:20:56.591] [INFO] access - POST /api/auth 200 65 ms
[2019-04-10T15:20:56.731] [INFO] access - GET /api/praise 200 19 ms
[2019-04-10T15:21:21.208] [INFO] access - GET /api/praise 200 63 ms
[2019-04-10T15:21:29.025] [INFO] access - GET /api/praise 200 7 ms
[2019-04-10T15:21:51.848] [INFO] access - GET /api/praise 200 73 ms
[2019-04-10T15:32:29.774] [ERROR] access - GET /api/praise 500 30 ms
[2019-04-10T15:33:15.434] [INFO] access - POST /api/auth 200 37 ms
[2019-04-10T15:33:15.509] [INFO] access - GET /api/praise 200 17 ms
[2019-04-10T15:42:11.016] [WARN] access - GET /api/praise 304 198 ms
[2019-04-10T15:49:15.795] [INFO] access - POST /api/auth 200 99 ms
[2019-04-10T15:49:15.916] [WARN] access - GET /api/praise 304 47 ms
[2019-04-10T15:49:15.966] [INFO] access - GET /api/message?length=9999&offset=0&read=0&type=1 200 81 ms
[2019-04-10T15:49:15.971] [INFO] access - GET /api/message?length=9999&offset=0&read=1&type=1 200 86 ms
[2019-04-10T15:49:15.984] [INFO] access - GET /api/message?length=9999&offset=0&read=0&type=3 200 92 ms
[2019-04-10T15:49:16.081] [INFO] access - GET /api/message?length=9999&offset=0&read=0&type=2 200 186 ms
[2019-04-10T15:49:16.085] [INFO] access - GET /api/message?length=9999&offset=0&read=1&type=2 200 147 ms
[2019-04-10T15:49:16.093] [INFO] access - GET /api/message?length=9999&offset=0&read=1&type=3 200 200 ms
[2019-04-10T15:50:01.931] [INFO] access - POST /api/auth 200 8 ms
[2019-04-10T15:50:01.976] [WARN] access - GET /api/praise 304 34 ms
[2019-04-10T15:50:02.007] [WARN] access - GET /api/message?length=9999&offset=0&read=0&type=1 304 62 ms
[2019-04-10T15:50:02.009] [WARN] access - GET /api/message?length=9999&offset=0&read=1&type=1 304 63 ms
[2019-04-10T15:50:02.020] [WARN] access - GET /api/message?length=9999&offset=0&read=0&type=3 304 56 ms
[2019-04-10T15:50:02.021] [WARN] access - GET /api/message?length=9999&offset=0&read=1&type=3 304 57 ms
[2019-04-10T15:50:02.031] [WARN] access - GET /api/message?length=9999&offset=0&read=0&type=2 304 66 ms
[2019-04-10T15:50:02.033] [WARN] access - GET /api/message?length=9999&offset=0&read=1&type=2 304 46 ms
[2019-04-10T15:51:03.773] [INFO] access - POST /api/auth 200 13 ms
[2019-04-10T15:51:03.808] [WARN] access - GET /api/praise 304 5 ms
[2019-04-10T15:51:03.868] [INFO] access - GET /api/message?length=9999&offset=0&read=0&type=1 200 60 ms
[2019-04-10T15:51:03.909] [WARN] access - GET /api/message?length=9999&offset=0&read=0&type=3 304 88 ms
[2019-04-10T15:51:03.922] [INFO] access - GET /api/message?length=9999&offset=0&read=1&type=1 200 97 ms
[2019-04-10T15:51:03.930] [WARN] access - GET /api/message?length=9999&offset=0&read=1&type=3 304 104 ms
[2019-04-10T15:51:03.932] [WARN] access - GET /api/message?length=9999&offset=0&read=0&type=2 304 106 ms
[2019-04-10T15:51:03.933] [WARN] access - GET /api/message?length=9999&offset=0&read=1&type=2 304 108 ms
[2019-04-10T15:54:00.912] [INFO] access - POST /api/auth 200 39 ms
[2019-04-10T15:54:01.011] [WARN] access - GET /api/praise 304 6 ms
[2019-04-10T15:54:01.105] [WARN] access - GET /api/message?length=9999&offset=0&read=0&type=1 304 54 ms
[2019-04-10T15:54:01.124] [WARN] access - GET /api/message?length=9999&offset=0&read=1&type=1 304 71 ms
[2019-04-10T15:54:01.154] [WARN] access - GET /api/message?length=9999&offset=0&read=0&type=3 304 101 ms
[2019-04-10T15:54:01.170] [WARN] access - GET /api/message?length=9999&offset=0&read=0&type=2 304 115 ms
[2019-04-10T15:54:01.210] [WARN] access - GET /api/message?length=9999&offset=0&read=1&type=2 304 153 ms
[2019-04-10T15:54:01.401] [WARN] access - GET /api/message?length=9999&offset=0&read=1&type=3 304 346 ms
[2019-04-10T16:05:06.136] [INFO] access - POST /api/auth 200 70 ms
[2019-04-10T16:05:06.327] [WARN] access - GET /api/praise 304 78 ms
[2019-04-10T16:05:06.354] [WARN] access - GET /api/message?length=9999&offset=0&read=0&type=1 304 95 ms
[2019-04-10T16:05:06.390] [WARN] access - GET /api/message?length=9999&offset=0&read=1&type=1 304 120 ms
[2019-04-10T16:05:06.406] [WARN] access - GET /api/message?length=9999&offset=0&read=0&type=3 304 137 ms
[2019-04-10T16:05:06.409] [WARN] access - GET /api/message?length=9999&offset=0&read=1&type=3 304 138 ms
[2019-04-10T16:05:06.417] [WARN] access - GET /api/message?length=9999&offset=0&read=1&type=2 304 76 ms
[2019-04-10T16:05:06.425] [WARN] access - GET /api/message?length=9999&offset=0&read=0&type=2 304 142 ms
[2019-04-10T16:11:56.446] [INFO] access - GET /api/users/1 200 57 ms
[2019-04-10T16:11:58.413] [INFO] access - POST /api/auth 200 5 ms
[2019-04-10T16:11:58.464] [INFO] access - GET /api/praise 200 8 ms
[2019-04-10T16:11:58.590] [INFO] access - GET /api/message?length=9999&offset=0&read=0&type=1 200 46 ms
[2019-04-10T16:11:58.612] [INFO] access - GET /api/message?length=9999&offset=0&read=1&type=1 200 67 ms
[2019-04-10T16:11:58.616] [INFO] access - GET /api/message?length=9999&offset=0&read=0&type=3 200 70 ms
[2019-04-10T16:11:58.621] [INFO] access - GET /api/message?length=9999&offset=0&read=1&type=3 200 73 ms
[2019-04-10T16:11:58.626] [INFO] access - GET /api/message?length=9999&offset=0&read=0&type=2 200 77 ms
[2019-04-10T16:11:58.633] [INFO] access - GET /api/message?length=9999&offset=0&read=1&type=2 200 85 ms
[2019-04-10T16:28:12.509] [INFO] access - POST /api/auth 200 69 ms
[2019-04-10T16:28:36.034] [INFO] access - GET /api/main 200 132 ms
[2019-04-10T16:29:39.473] [ERROR] access - GET /api/main 500 6 ms
[2019-04-10T16:31:50.466] [INFO] access - POST /api/auth 200 90 ms
[2019-04-10T16:31:50.669] [INFO] access - GET /api/main 200 48 ms
[2019-04-10T16:33:28.126] [INFO] access - POST /api/auth 200 19 ms
[2019-04-10T16:33:28.290] [WARN] access - GET /api/main 304 34 ms
[2019-04-10T16:36:25.647] [WARN] access - GET /api/users/1 304 55 ms
[2019-04-10T16:36:28.172] [INFO] access - POST /api/auth 200 6 ms
[2019-04-10T16:36:28.358] [WARN] access - GET /api/main 304 50 ms
[2019-04-10T16:37:16.049] [INFO] access - GET /api/main 200 90 ms
[2019-04-10T16:37:21.895] [INFO] access - GET /api/users/1 200 8 ms
[2019-04-10T16:37:26.924] [INFO] access - POST /api/auth 200 9 ms
[2019-04-10T16:37:26.992] [INFO] access - GET /api/main 200 27 ms
[2019-04-10T16:37:32.088] [INFO] access - GET /api/users/1 200 6 ms
[2019-04-10T16:37:34.202] [INFO] access - GET /api/main 200 26 ms
[2019-04-10T16:37:36.277] [INFO] access - GET /api/users/1 200 13 ms
[2019-04-10T16:37:38.881] [INFO] access - POST /api/auth 200 8 ms
[2019-04-10T16:37:38.943] [INFO] access - GET /api/main 200 25 ms
