[2019-04-08T13:30:33.297] [INFO] access - POST /api/auth 200 54 ms
[2019-04-08T13:30:38.064] [WARN] access - GET /api/users/1 304 14 ms
[2019-04-08T14:00:40.535] [WARN] access - GET /api/users/1 304 74 ms
[2019-04-08T14:04:23.433] [INFO] access - POST /api/auth 200 136 ms
[2019-04-08T14:23:53.289] [WARN] access - GET /api/users/1 304 68 ms
[2019-04-08T14:23:55.302] [WARN] access - GET /api/users/1 304 8 ms
[2019-04-08T14:23:57.113] [INFO] access - POST /api/auth 200 12 ms
[2019-04-08T14:23:58.115] [WARN] access - GET /api/users/1 304 6 ms
[2019-04-08T14:24:00.065] [INFO] access - POST /api/auth 200 4 ms
[2019-04-08T14:24:04.614] [WARN] access - GET /api/users/1 304 123 ms
[2019-04-08T14:24:07.503] [WARN] access - GET /api/users/1 304 8 ms
[2019-04-08T14:24:23.484] [INFO] access - POST /api/auth 200 4 ms
[2019-04-08T14:24:27.519] [WARN] access - GET /api/users/1 304 128 ms
[2019-04-08T14:24:37.258] [INFO] access - POST /api/auth 200 4 ms
[2019-04-08T14:24:38.041] [WARN] access - GET /api/users/1 304 5 ms
[2019-04-08T14:24:43.539] [INFO] access - POST /api/auth 200 5 ms
[2019-04-08T14:32:44.669] [INFO] access - POST /api/auth 200 78 ms
[2019-04-08T15:03:56.552] [ERROR] access - GET /api/message 500 29 ms
[2019-04-08T15:06:10.998] [ERROR] access - GET /api/message?length=10&offset=0&type=1 500 29 ms
[2019-04-08T15:06:36.231] [ERROR] access - GET /api/message?length=10&offset=0&type=1 500 22 ms
[2019-04-08T15:07:36.886] [ERROR] access - GET /api/message?length=10&offset=0&type=1 500 92 ms
[2019-04-08T15:09:45.673] [ERROR] access - GET /api/message?length=10&offset=0&type=1 500 57 ms
[2019-04-08T15:15:19.257] [ERROR] access - GET /api/message?length=10&offset=0&type=1 500 61 ms
[2019-04-08T15:16:31.272] [ERROR] access - GET /api/message?length=10&offset=0&type=1 500 70 ms
[2019-04-08T15:17:12.399] [ERROR] access - GET /api/message?length=10&offset=0&type=1 500 52 ms
[2019-04-08T15:18:15.269] [INFO] access - GET /api/message?length=10&offset=0&type=1 200 53 ms
[2019-04-08T16:11:54.815] [WARN] access - GET /api/users/1 304 97 ms
[2019-04-08T16:11:58.023] [WARN] access - GET /api/users/1 304 114 ms
