[2019-02-18T11:04:57.492] [INFO] access - POST /api/auth 200 232 ms
[2019-02-18T11:05:00.555] [INFO] access - GET /api/users/1 200 10 ms
[2019-02-18T11:05:06.654] [INFO] access - POST /api/auth 200 5 ms
[2019-02-18T11:05:07.580] [WARN] access - GET /api/users/1 304 4 ms
[2019-02-18T11:05:24.350] [INFO] access - POST /api/auth 200 7 ms
[2019-02-18T11:05:33.436] [INFO] access - POST /api/auth 200 6 ms
[2019-02-18T11:05:34.611] [WARN] access - GET /api/users/1 304 7 ms
[2019-02-18T11:05:52.359] [INFO] access - POST /api/auth 200 9 ms
[2019-02-18T11:05:53.721] [WARN] access - GET /api/users/1 304 4 ms
[2019-02-18T11:23:55.790] [ERROR] access - POST /api/auth 500 14 ms
[2019-02-18T11:24:32.847] [INFO] access - POST /api/auth 200 10 ms
[2019-02-18T11:24:56.949] [ERROR] access - POST /api/auth 500 11 ms
[2019-02-18T11:26:03.545] [ERROR] access - POST /api/auth 500 11 ms
[2019-02-18T11:27:22.108] [ERROR] access - POST /api/auth 500 11 ms
[2019-02-18T11:29:03.816] [ERROR] access - POST /api/auth 500 11 ms
[2019-02-18T11:30:15.647] [ERROR] access - POST /api/auth 500 11 ms
[2019-02-18T11:32:25.938] [ERROR] access - POST /api/auth 500 12 ms
[2019-02-18T11:32:36.012] [INFO] access - POST /api/auth 200 3 ms
[2019-02-18T11:32:36.939] [INFO] access - GET /api/users/1 200 3 ms
[2019-02-18T11:32:44.539] [INFO] access - GET /api/users/1 200 5 ms
[2019-02-18T11:32:48.251] [INFO] access - GET /api/users/1 200 117 ms
[2019-02-18T11:32:55.957] [ERROR] access - POST /api/auth 500 3 ms
[2019-02-18T11:32:56.919] [ERROR] access - POST /api/auth 500 6 ms
[2019-02-18T11:32:57.855] [INFO] access - GET /api/users/1 200 4 ms
[2019-02-18T11:34:23.765] [INFO] access - GET /api/users/1 200 13 ms
[2019-02-18T11:34:29.372] [ERROR] access - POST /api/auth 500 4 ms
[2019-02-18T11:34:31.534] [INFO] access - POST /api/auth 200 4 ms
[2019-02-18T11:34:34.731] [INFO] access - GET /api/users/1 200 11 ms
[2019-02-18T16:35:50.861] [INFO] access - GET /api/users/1 200 230 ms
[2019-02-18T16:35:51.155] [INFO] access - GET /favicon.ico 200 119 ms
