[2019-04-10T15:16:45.569] [ERROR] system - TypeError: Cannot destructure property `id` of 'undefined' or 'null'.
    at exports.count (D:\WebStorm 2017.2.2\day-day-up\src\backend\controllers\praise.controller.js:18:30)
    at Layer.handle [as handle_request] (D:\WebStorm 2017.2.2\day-day-up\src\backend\node_modules\express\lib\router\layer.js:95:5)
    at next (D:\WebStorm 2017.2.2\day-day-up\src\backend\node_modules\express\lib\router\route.js:137:13)
    at runner.then.errors (D:\WebStorm 2017.2.2\day-day-up\src\backend\node_modules\express-validator\check\check.js:16:7)
    at <anonymous>
[2019-04-10T15:20:41.835] [ERROR] system - TypeError: Cannot destructure property `id` of 'undefined' or 'null'.
    at exports.count (D:\WebStorm 2017.2.2\day-day-up\src\backend\controllers\praise.controller.js:18:30)
    at Layer.handle [as handle_request] (D:\WebStorm 2017.2.2\day-day-up\src\backend\node_modules\express\lib\router\layer.js:95:5)
    at next (D:\WebStorm 2017.2.2\day-day-up\src\backend\node_modules\express\lib\router\route.js:137:13)
    at runner.then.errors (D:\WebStorm 2017.2.2\day-day-up\src\backend\node_modules\express-validator\check\check.js:16:7)
    at <anonymous>
[2019-04-10T15:32:29.757] [ERROR] system - TypeError: Cannot destructure property `id` of 'undefined' or 'null'.
    at exports.count (D:\WebStorm 2017.2.2\day-day-up\src\backend\controllers\praise.controller.js:18:30)
    at Layer.handle [as handle_request] (D:\WebStorm 2017.2.2\day-day-up\src\backend\node_modules\express\lib\router\layer.js:95:5)
    at next (D:\WebStorm 2017.2.2\day-day-up\src\backend\node_modules\express\lib\router\route.js:137:13)
    at runner.then.errors (D:\WebStorm 2017.2.2\day-day-up\src\backend\node_modules\express-validator\check\check.js:16:7)
    at <anonymous>
[2019-04-10T16:29:39.468] [ERROR] system - TypeError: Cannot destructure property `id` of 'undefined' or 'null'.
    at exports.get (D:\WebStorm 2017.2.2\day-day-up\src\backend\controllers\main.controller.js:22:38)
    at Layer.handle [as handle_request] (D:\WebStorm 2017.2.2\day-day-up\src\backend\node_modules\express\lib\router\layer.js:95:5)
    at next (D:\WebStorm 2017.2.2\day-day-up\src\backend\node_modules\express\lib\router\route.js:137:13)
    at Route.dispatch (D:\WebStorm 2017.2.2\day-day-up\src\backend\node_modules\express\lib\router\route.js:112:3)
    at Layer.handle [as handle_request] (D:\WebStorm 2017.2.2\day-day-up\src\backend\node_modules\express\lib\router\layer.js:95:5)
    at D:\WebStorm 2017.2.2\day-day-up\src\backend\node_modules\express\lib\router\index.js:281:22
    at Function.process_params (D:\WebStorm 2017.2.2\day-day-up\src\backend\node_modules\express\lib\router\index.js:335:12)
    at next (D:\WebStorm 2017.2.2\day-day-up\src\backend\node_modules\express\lib\router\index.js:275:10)
    at Function.handle (D:\WebStorm 2017.2.2\day-day-up\src\backend\node_modules\express\lib\router\index.js:174:3)
    at router (D:\WebStorm 2017.2.2\day-day-up\src\backend\node_modules\express\lib\router\index.js:47:12)
    at Layer.handle [as handle_request] (D:\WebStorm 2017.2.2\day-day-up\src\backend\node_modules\express\lib\router\layer.js:95:5)
    at trim_prefix (D:\WebStorm 2017.2.2\day-day-up\src\backend\node_modules\express\lib\router\index.js:317:13)
    at D:\WebStorm 2017.2.2\day-day-up\src\backend\node_modules\express\lib\router\index.js:284:7
    at Function.process_params (D:\WebStorm 2017.2.2\day-day-up\src\backend\node_modules\express\lib\router\index.js:335:12)
    at next (D:\WebStorm 2017.2.2\day-day-up\src\backend\node_modules\express\lib\router\index.js:275:10)
    at Immediate._onImmediate (D:\WebStorm 2017.2.2\day-day-up\src\backend\node_modules\express-session\index.js:489:7)
    at runCallback (timers.js:789:20)
    at tryOnImmediate (timers.js:747:5)
    at processImmediate [as _immediateCallback] (timers.js:718:5)
